0 info it worked if it ends with ok
1 verbose cli [ '/home/eugen/.nvm/versions/node/v6.11.1/bin/node',
1 verbose cli   '/home/eugen/.nvm/versions/node/v6.11.1/bin/npm',
1 verbose cli   'start' ]
2 info using npm@3.10.10
3 info using node@v6.11.1
4 verbose run-script [ 'prestart', 'start', 'poststart' ]
5 info lifecycle jolocom-verification-service@0.0.1~prestart: jolocom-verification-service@0.0.1
6 silly lifecycle jolocom-verification-service@0.0.1~prestart: no script for prestart, continuing
7 info lifecycle jolocom-verification-service@0.0.1~start: jolocom-verification-service@0.0.1
8 verbose lifecycle jolocom-verification-service@0.0.1~start: unsafe-perm in lifecycle true
9 verbose lifecycle jolocom-verification-service@0.0.1~start: PATH: /home/eugen/.nvm/versions/node/v6.11.1/lib/node_modules/npm/bin/node-gyp-bin:/home/eugen/gateway/identity-gateway/code/node_modules/.bin:/home/eugen/.nvm/versions/node/v6.11.1/bin:/usr/local/bin:/usr/local/sbin/:/home/eugen/.npm-global/bin:/usr/local/sbin:/usr/local/bin:/usr/bin:/usr/lib/jvm/default/bin:/usr/bin/site_perl:/usr/bin/vendor_perl:/usr/bin/core_perl
10 verbose lifecycle jolocom-verification-service@0.0.1~start: CWD: /home/eugen/gateway/identity-gateway/code
11 silly lifecycle jolocom-verification-service@0.0.1~start: Args: [ '-c', 'npm run prepare && npm run dev --' ]
12 silly lifecycle jolocom-verification-service@0.0.1~start: Returned: code: 1  signal: null
13 info lifecycle jolocom-verification-service@0.0.1~start: Failed to exec start script
14 verbose stack Error: jolocom-verification-service@0.0.1 start: `npm run prepare && npm run dev --`
14 verbose stack Exit status 1
14 verbose stack     at EventEmitter.<anonymous> (/home/eugen/.nvm/versions/node/v6.11.1/lib/node_modules/npm/lib/utils/lifecycle.js:255:16)
14 verbose stack     at emitTwo (events.js:106:13)
14 verbose stack     at EventEmitter.emit (events.js:191:7)
14 verbose stack     at ChildProcess.<anonymous> (/home/eugen/.nvm/versions/node/v6.11.1/lib/node_modules/npm/lib/utils/spawn.js:40:14)
14 verbose stack     at emitTwo (events.js:106:13)
14 verbose stack     at ChildProcess.emit (events.js:191:7)
14 verbose stack     at maybeClose (internal/child_process.js:891:16)
14 verbose stack     at Process.ChildProcess._handle.onexit (internal/child_process.js:226:5)
15 verbose pkgid jolocom-verification-service@0.0.1
16 verbose cwd /home/eugen/gateway/identity-gateway/code/src
17 error Linux 4.12.3-1-ARCH
18 error argv "/home/eugen/.nvm/versions/node/v6.11.1/bin/node" "/home/eugen/.nvm/versions/node/v6.11.1/bin/npm" "start"
19 error node v6.11.1
20 error npm  v3.10.10
21 error code ELIFECYCLE
22 error jolocom-verification-service@0.0.1 start: `npm run prepare && npm run dev --`
22 error Exit status 1
23 error Failed at the jolocom-verification-service@0.0.1 start script 'npm run prepare && npm run dev --'.
23 error Make sure you have the latest version of node.js and npm installed.
23 error If you do, this is most likely a problem with the jolocom-verification-service package,
23 error not with npm itself.
23 error Tell the author that this fails on your system:
23 error     npm run prepare && npm run dev --
23 error You can get information on how to open an issue for this project with:
23 error     npm bugs jolocom-verification-service
23 error Or if that isn't available, you can get their info via:
23 error     npm owner ls jolocom-verification-service
23 error There is likely additional logging output above.
24 verbose exit [ 1, true ]
